<?xml version="1.0" encoding="UTF-8"?>
<!-- Generated by org.testng.reporters.JUnitReportReporter -->
<testsuite hostname="DESKTOP-DKF9KAT" failures="0" tests="2" name="com.smarttechqa.testng.TestNGPractice" time="4.196" errors="0" timestamp="16 Oct 2022 18:02:29 GMT" skipped="0">
  <testcase classname="com.smarttechqa.testng.TestNGPractice" name="logout" time="1.686"/>
  <testcase classname="com.smarttechqa.testng.TestNGPractice" name="login" time="2.510"/>
</testsuite> <!-- com.smarttechqa.testng.TestNGPractice -->
